[debug] [2023-04-09T22:01:04.071Z] ----------------------------------------------------------------------
[debug] [2023-04-09T22:01:04.077Z] Command:       C:\Program Files\nodejs\node.exe C:\Users\Oluwatobi Oloro\AppData\Roaming\npm\node_modules\firebase-tools\lib\bin\firebase.js init
[debug] [2023-04-09T22:01:04.079Z] CLI Version:   11.25.3
[debug] [2023-04-09T22:01:04.080Z] Platform:      win32
[debug] [2023-04-09T22:01:04.081Z] Node Version:  v18.13.0
[debug] [2023-04-09T22:01:04.084Z] Time:          Sun Apr 09 2023 23:01:04 GMT+0100 (West Africa Standard Time)
[debug] [2023-04-09T22:01:04.085Z] ----------------------------------------------------------------------
[debug] 
[debug] [2023-04-09T22:01:04.113Z] > command requires scopes: ["email","openid","https://www.googleapis.com/auth/cloudplatformprojects.readonly","https://www.googleapis.com/auth/firebase","https://www.googleapis.com/auth/cloud-platform"]
[debug] [2023-04-09T22:01:04.114Z] > authorizing via signed-in user (olorotobi@gmail.com)
[info] 
     ######## #### ########  ######## ########     ###     ######  ########
     ##        ##  ##     ## ##       ##     ##  ##   ##  ##       ##
     ######    ##  ########  ######   ########  #########  ######  ######
     ##        ##  ##    ##  ##       ##     ## ##     ##       ## ##
     ##       #### ##     ## ######## ########  ##     ##  ######  ########

You're about to initialize a Firebase project in this directory:

  C:\Users\Oluwatobi Oloro\testapp

[info] 
=== Project Setup
[info] 
[info] First, let's associate this project directory with a Firebase project.
[info] You can create multiple project aliases by running firebase use --add, 
[info] but for now we'll just set up a default project.
[info] 
[debug] [2023-04-09T22:03:53.687Z] >>> [apiv2][query] GET https://firebase.googleapis.com/v1beta1/projects pageSize=100
[debug] [2023-04-09T22:03:54.975Z] <<< [apiv2][status] GET https://firebase.googleapis.com/v1beta1/projects 200
[debug] [2023-04-09T22:03:54.976Z] <<< [apiv2][body] GET https://firebase.googleapis.com/v1beta1/projects [omitted]
[info] i  Using project test-app-80bf9 (test-app) 
[info] 
=== Hosting Setup
[info] 
[info] Your public directory is the folder (relative to your project directory) that
[info] will contain Hosting assets to be uploaded with firebase deploy. If you
[info] have a build process for your assets, use your build's output directory.
[info] 
[info] +  Wrote public/404.html 
[debug] [2023-04-09T22:05:15.288Z] >>> [apiv2][query] GET https://www.gstatic.com/firebasejs/releases.json [none]
[debug] [2023-04-09T22:05:15.643Z] <<< [apiv2][status] GET https://www.gstatic.com/firebasejs/releases.json 200
[debug] [2023-04-09T22:05:15.644Z] <<< [apiv2][body] GET https://www.gstatic.com/firebasejs/releases.json {"current":{"version":"9.19.1","browserURL":"https://www.gstatic.com/firebasejs/9.19.1/firebase.js","packageURL":"https://www.gstatic.com/firebasejs/9.19.1/firebase.tgz"},"live":{"version":"9.19","browserURL":"https://www.gstatic.com/firebasejs/live/9.19/firebase.js","packageURL":"https://www.gstatic.com/firebasejs/live/9.19/firebase.tgz"},"components":{"analytics":"https://www.gstatic.com/firebasejs/9.19.1/firebase-analytics.js","app":"https://www.gstatic.com/firebasejs/9.19.1/firebase-app.js","app-check":"https://www.gstatic.com/firebasejs/9.19.1/firebase-app-check.js","auth":"https://www.gstatic.com/firebasejs/9.19.1/firebase-auth.js","auth/cordova":"https://www.gstatic.com/firebasejs/9.19.1/firebase-auth/cordova.js","auth/react-native":"https://www.gstatic.com/firebasejs/9.19.1/firebase-auth/react-native.js","functions":"https://www.gstatic.com/firebasejs/9.19.1/firebase-functions.js","firestore":"https://www.gstatic.com/firebasejs/9.19.1/firebase-firestore.js","firestore/lite":"https://www.gstatic.com/firebasejs/9.19.1/firebase-firestore/lite.js","installations":"https://www.gstatic.com/firebasejs/9.19.1/firebase-installations.js","storage":"https://www.gstatic.com/firebasejs/9.19.1/firebase-storage.js","performance":"https://www.gstatic.com/firebasejs/9.19.1/firebase-performance.js","remote-config":"https://www.gstatic.com/firebasejs/9.19.1/firebase-remote-config.js","messaging":"https://www.gstatic.com/firebasejs/9.19.1/firebase-messaging.js","messaging/sw":"https://www.gstatic.com/firebasejs/9.19.1/firebase-messaging/sw.js","database":"https://www.gstatic.com/firebasejs/9.19.1/firebase-database.js","firestore.memory":"https://www.gstatic.com/firebasejs/9.19.1/firebase-firestore.memory.js"}}
[info] i  Skipping write of public/index.html 
[info] 
[info] i  Detected a .git folder at C:\Users\Oluwatobi Oloro\testapp 
[info] i  Authorizing with GitHub to upload your service account to a GitHub repository's secrets store. 
[info] 
[info] Visit this URL on this device to log in:
[info] https://github.com/login/oauth/authorize?client_id=89cf50f02ac6aaed3484&state=944142525&redirect_uri=http%3A%2F%2Flocalhost%3A9005&scope=read%3Auser%20repo%20public_repo
[info] 
[info] Waiting for authentication...
[debug] [2023-04-09T22:06:17.177Z] >>> [apiv2][query] POST https://github.com/login/oauth/access_token [none]
[debug] [2023-04-09T22:06:17.177Z] >>> [apiv2][body] POST https://github.com/login/oauth/access_token [stream]
[debug] [2023-04-09T22:06:17.995Z] <<< [apiv2][status] POST https://github.com/login/oauth/access_token 200
[debug] [2023-04-09T22:06:17.995Z] <<< [apiv2][body] POST https://github.com/login/oauth/access_token {"access_token":"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","token_type":"bearer","scope":"read:user,repo"}
[debug] [2023-04-09T22:06:18.041Z] >>> [apiv2][query] GET https://api.github.com/user [none]
[debug] [2023-04-09T22:06:18.982Z] <<< [apiv2][status] GET https://api.github.com/user 200
[debug] [2023-04-09T22:06:18.983Z] <<< [apiv2][body] GET https://api.github.com/user {"login":"Tobiwealth","id":101267703,"node_id":"U_kgDOBgk49w","avatar_url":"https://avatars.githubusercontent.com/u/101267703?v=4","gravatar_id":"","url":"https://api.github.com/users/Tobiwealth","html_url":"https://github.com/Tobiwealth","followers_url":"https://api.github.com/users/Tobiwealth/followers","following_url":"https://api.github.com/users/Tobiwealth/following{/other_user}","gists_url":"https://api.github.com/users/Tobiwealth/gists{/gist_id}","starred_url":"https://api.github.com/users/Tobiwealth/starred{/owner}{/repo}","subscriptions_url":"https://api.github.com/users/Tobiwealth/subscriptions","organizations_url":"https://api.github.com/users/Tobiwealth/orgs","repos_url":"https://api.github.com/users/Tobiwealth/repos","events_url":"https://api.github.com/users/Tobiwealth/events{/privacy}","received_events_url":"https://api.github.com/users/Tobiwealth/received_events","type":"User","site_admin":false,"name":null,"company":null,"blog":"","location":null,"email":null,"hireable":null,"bio":null,"twitter_username":null,"public_repos":17,"public_gists":0,"followers":0,"following":1,"created_at":"2022-03-09T13:52:46Z","updated_at":"2023-03-14T00:12:57Z","private_gists":0,"total_private_repos":2,"owned_private_repos":0,"disk_usage":39279,"collaborators":0,"two_factor_authentication":false,"plan":{"name":"free","space":976562499,"collaborators":0,"private_repos":10000}}
[info] 
[info] +  Success! Logged into GitHub as Tobiwealth 
[info] 
